  Camera.cpp
C:\VulkanSDK\1.3.290.0\Include\glm\gtx\component_wise.hpp(22,1): error C1189: #error:  "GLM: GLM_GTX_component_wise is an experimental extension and may change in the future. Use #define GLM_ENABLE_EXPERIMENTAL before including it, if you really want to use it."
  (compiling source file 'src/Camera.cpp')
  
  Renderer.cpp
C:\Users\Alejandro\RayTracing\Walnut\RayTracing\src\Renderer.cpp(9,13): warning C4244: 'initializing': conversion from 'T' to 'uint8_t', possible loss of data
C:\Users\Alejandro\RayTracing\Walnut\RayTracing\src\Renderer.cpp(9,13): warning C4244:         with
C:\Users\Alejandro\RayTracing\Walnut\RayTracing\src\Renderer.cpp(9,13): warning C4244:         [
C:\Users\Alejandro\RayTracing\Walnut\RayTracing\src\Renderer.cpp(9,13): warning C4244:             T=float
C:\Users\Alejandro\RayTracing\Walnut\RayTracing\src\Renderer.cpp(9,13): warning C4244:         ]
C:\Users\Alejandro\RayTracing\Walnut\RayTracing\src\Renderer.cpp(10,13): warning C4244: 'initializing': conversion from 'T' to 'uint8_t', possible loss of data
C:\Users\Alejandro\RayTracing\Walnut\RayTracing\src\Renderer.cpp(10,13): warning C4244:         with
C:\Users\Alejandro\RayTracing\Walnut\RayTracing\src\Renderer.cpp(10,13): warning C4244:         [
C:\Users\Alejandro\RayTracing\Walnut\RayTracing\src\Renderer.cpp(10,13): warning C4244:             T=float
C:\Users\Alejandro\RayTracing\Walnut\RayTracing\src\Renderer.cpp(10,13): warning C4244:         ]
C:\Users\Alejandro\RayTracing\Walnut\RayTracing\src\Renderer.cpp(11,13): warning C4244: 'initializing': conversion from 'T' to 'uint8_t', possible loss of data
C:\Users\Alejandro\RayTracing\Walnut\RayTracing\src\Renderer.cpp(11,13): warning C4244:         with
C:\Users\Alejandro\RayTracing\Walnut\RayTracing\src\Renderer.cpp(11,13): warning C4244:         [
C:\Users\Alejandro\RayTracing\Walnut\RayTracing\src\Renderer.cpp(11,13): warning C4244:             T=float
C:\Users\Alejandro\RayTracing\Walnut\RayTracing\src\Renderer.cpp(11,13): warning C4244:         ]
C:\Users\Alejandro\RayTracing\Walnut\RayTracing\src\Renderer.cpp(12,13): warning C4244: 'initializing': conversion from 'T' to 'uint8_t', possible loss of data
C:\Users\Alejandro\RayTracing\Walnut\RayTracing\src\Renderer.cpp(12,13): warning C4244:         with
C:\Users\Alejandro\RayTracing\Walnut\RayTracing\src\Renderer.cpp(12,13): warning C4244:         [
C:\Users\Alejandro\RayTracing\Walnut\RayTracing\src\Renderer.cpp(12,13): warning C4244:             T=float
C:\Users\Alejandro\RayTracing\Walnut\RayTracing\src\Renderer.cpp(12,13): warning C4244:         ]
  WalnutApp.cpp
C:\Users\Alejandro\RayTracing\Walnut\RayTracing\src\WalnutApp.cpp(38,51): warning C4244: '=': conversion from 'float' to 'uint32_t', possible loss of data
C:\Users\Alejandro\RayTracing\Walnut\RayTracing\src\WalnutApp.cpp(39,52): warning C4244: '=': conversion from 'float' to 'uint32_t', possible loss of data
  Generating Code...
